[2015-10-30 21:55:23] START
[2015-10-30 21:57:05] EDIT CNER/models/menu.py: 0
[2015-10-30 21:59:11] EDIT CNER/models/menu.py: -3
[2015-10-30 21:59:32] EDIT CNER/models/menu.py: 2
[2015-10-30 21:59:46] EDIT CNER/models/menu.py: 1
[2015-10-30 22:02:08] EDIT CNER/controllers/default.py: -6
[2015-10-30 22:02:28] EDIT CNER/views/default/index.html: -48
[2015-10-30 22:03:29] EDIT CNER/controllers/default.py: 0
[2015-10-30 22:04:58] CREATE default/input.html: 0
[2015-10-30 22:06:10] EDIT CNER/views/default/input.html: -2
[2015-10-30 22:06:15] EDIT CNER/views/default/input.html: 0
[2015-10-30 22:08:19] EDIT CNER/views/default/input.html: 0
[2015-10-30 22:10:02] EDIT CNER/views/default/input.html: 0
[2015-10-30 22:10:24] EDIT CNER/views/default/input.html: 0
[2015-10-30 22:10:57] EDIT CNER/views/default/input.html: 0
[2015-10-30 22:13:50] EDIT CNER/views/default/input.html: 3
[2015-10-30 22:14:58] EDIT CNER/views/default/input.html: 0
[2015-10-30 22:15:20] EDIT CNER/views/default/input.html: 0
[2015-10-30 22:15:35] EDIT CNER/views/default/input.html: 0
[2015-10-30 22:16:07] EDIT CNER/views/default/input.html: 0
[2015-10-30 22:17:48] EDIT CNER/views/default/input.html: 4
[2015-10-30 22:18:27] EDIT CNER/controllers/default.py: 1
[2015-10-30 22:18:43] EDIT CNER/controllers/default.py: 2
[2015-10-30 22:19:46] EDIT CNER/views/default/input.html: 0
[2015-10-30 22:20:29] EDIT CNER/views/default/input.html: 2
[2015-10-30 22:21:02] EDIT CNER/views/default/input.html: 1
[2015-10-30 22:25:12] EDIT CNER/views/default/input.html: 0
[2015-10-30 22:25:41] EDIT CNER/views/default/input.html: 0
[2015-10-30 22:25:57] EDIT CNER/views/default/input.html: 0
[2015-10-30 22:26:33] EDIT CNER/views/default/input.html: 0
[2015-10-30 22:28:00] EDIT CNER/views/default/input.html: 0
[2015-10-30 22:28:20] EDIT CNER/views/default/input.html: 0
[2015-10-30 22:29:26] EDIT CNER/views/default/input.html: 0
[2015-10-30 22:30:31] EDIT CNER/views/default/input.html: 2
[2015-10-30 22:31:32] EDIT CNER/controllers/default.py: 0
[2015-10-30 22:31:50] CREATE default/process.html: 0
[2015-10-30 22:32:43] EDIT CNER/views/default/process.html: -1
[2015-10-30 22:33:27] EDIT CNER/controllers/default.py: 1
[2015-10-30 22:34:04] EDIT CNER/controllers/default.py: 2
[2015-10-30 22:35:32] EDIT CNER/views/default/process.html: -1
[2015-10-30 22:36:07] EDIT CNER/controllers/default.py: 0
[2015-10-30 22:37:20] EDIT CNER/controllers/default.py: 1
[2015-10-30 22:38:22] EDIT CNER/controllers/default.py: 0
[2015-10-30 22:38:45] EDIT CNER/controllers/default.py: -1
[2015-10-30 22:41:17] EDIT CNER/models/menu.py: 0
[2015-10-30 22:43:54] EDIT CNER/controllers/default.py: 1
[2015-10-30 22:44:27] EDIT CNER/controllers/default.py: 0
[2015-10-30 22:45:45] EDIT CNER/controllers/default.py: 0
[2015-10-30 22:46:01] EDIT CNER/controllers/default.py: 0
[2015-10-30 22:46:19] EDIT CNER/controllers/default.py: -1
[2015-10-30 22:47:01] EDIT CNER/controllers/default.py: 0
[2015-10-30 22:47:49] EDIT CNER/controllers/default.py: 0
[2015-10-30 22:48:03] EDIT CNER/controllers/default.py: 0
[2015-10-30 23:07:10] EDIT CNER/controllers/default.py: 0
[2015-10-30 23:07:56] EDIT CNER/views/default/index.html: 12
[2015-10-30 23:08:44] DELETE CNER/views/default/input.html: -13
[2015-10-30 23:09:02] EDIT CNER/controllers/default.py: -3
[2015-10-30 23:09:31] EDIT CNER/controllers/default.py: 0
[2015-10-30 23:10:00] EDIT CNER/views/default/process.html: 1
[2015-10-30 23:10:28] EDIT CNER/views/default/process.html: 0
[2015-10-30 23:11:00] EDIT CNER/views/default/process.html: 0
[2015-10-30 23:11:21] EDIT CNER/views/default/process.html: -1
[2015-10-30 23:12:39] EDIT CNER/views/default/process.html: 1
[2015-10-30 23:12:42] EDIT CNER/views/default/process.html: 0
[2015-10-30 23:13:43] EDIT CNER/views/default/process.html: -1
[2015-10-30 23:14:02] EDIT CNER/views/default/process.html: 0
[2015-10-30 23:14:35] EDIT CNER/views/default/process.html: 0
[2015-10-30 23:15:09] EDIT CNER/views/default/process.html: 0
[2015-10-30 23:15:29] EDIT CNER/views/default/process.html: 1
[2015-10-30 23:16:32] EDIT CNER/views/default/process.html: 0
[2015-10-30 23:19:32] EDIT CNER/models/menu.py: 0
[2015-10-30 23:24:09] EDIT CNER/views/default/index.html: 0
[2015-10-30 23:24:40] EDIT CNER/views/default/process.html: -1
[2015-11-04 13:28:45] EDIT CNER/controllers/default.py: 1
[2015-11-04 13:29:11] EDIT CNER/controllers/default.py: 0
[2015-11-04 13:29:18] EDIT CNER/controllers/default.py: 0
[2015-11-04 13:29:28] EDIT CNER/views/default/process.html: 1
[2015-11-04 13:30:42] EDIT CNER/controllers/default.py: 2
[2015-11-04 13:30:54] EDIT CNER/views/default/process.html: 2
[2015-11-04 13:32:37] EDIT CNER/views/default/process.html: 0
[2015-11-04 16:14:26] EDIT CNER/controllers/default.py: 5
[2015-11-04 16:56:21] EDIT CNER/controllers/default.py: 1
[2015-11-04 16:56:46] EDIT CNER/views/default/process.html: 3
[2015-11-04 17:01:07] EDIT CNER/controllers/default.py: 1
[2015-11-07 11:46:47] EDIT CNER/controllers/default.py: 0
[2015-11-07 11:52:20] EDIT CNER/controllers/default.py: 0
[2015-11-07 11:52:39] EDIT CNER/views/default/process.html: 2
[2015-11-07 11:53:06] EDIT CNER/controllers/default.py: 1
[2015-11-07 11:53:08] EDIT CNER/views/default/process.html: 0
[2015-11-07 11:55:36] EDIT CNER/controllers/default.py: 5
[2015-11-07 11:55:51] EDIT CNER/controllers/default.py: -6
[2015-11-07 11:56:12] EDIT CNER/views/default/process.html: 6
[2015-11-07 11:58:30] EDIT CNER/views/default/process.html: 1
[2015-11-07 12:01:57] EDIT CNER/views/default/process.html: 0
[2015-11-07 12:06:05] EDIT CNER/views/default/process.html: 1
[2015-11-07 12:06:12] EDIT CNER/views/default/process.html: 0
[2015-11-07 12:06:42] EDIT CNER/views/default/process.html: 1
[2015-11-07 12:07:57] EDIT CNER/views/default/process.html: 0
[2015-11-07 12:15:25] EDIT CNER/views/default/process.html: -1
[2015-11-07 12:15:46] EDIT CNER/views/default/process.html: 0
[2015-11-07 12:32:21] EDIT CNER/views/default/process.html: 1
[2015-11-21 16:14:05] EDIT CNER/views/default/index.html: 13
[2015-11-21 16:14:46] EDIT CNER/views/default/index.html: -1
[2015-11-21 16:16:44] EDIT CNER/controllers/default.py: 1
[2015-11-21 16:18:14] EDIT CNER/controllers/default.py: -7
[2015-11-21 16:18:16] EDIT CNER/controllers/default.py: 0
[2015-11-21 16:19:35] EDIT CNER/controllers/default.py: 6
[2015-11-21 16:20:28] EDIT CNER/controllers/default.py: 0
[2015-11-21 16:21:48] EDIT CNER/views/default/process.html: -9
[2015-11-21 16:22:29] EDIT CNER/views/default/process.html: 0
[2015-11-21 16:23:08] EDIT CNER/views/default/process.html: 0
[2015-11-21 16:25:24] EDIT CNER/controllers/default.py: -5
[2015-11-21 16:26:44] EDIT CNER/controllers/default.py: 2
[2015-11-21 16:27:32] EDIT CNER/controllers/default.py: 2
[2015-11-21 16:29:26] EDIT CNER/controllers/default.py: 8
[2015-11-21 16:30:41] EDIT CNER/controllers/default.py: 11
[2015-11-21 16:31:57] EDIT CNER/controllers/default.py: 9
[2015-11-21 16:33:12] EDIT CNER/controllers/default.py: 0
[2015-11-21 16:35:06] EDIT CNER/controllers/default.py: 6
[2015-11-21 16:35:57] EDIT CNER/controllers/default.py: 1
[2015-11-21 16:38:02] EDIT CNER/views/default/index.html: 0
[2015-11-21 16:38:31] EDIT CNER/controllers/default.py: 0
[2015-11-21 16:39:43] EDIT CNER/controllers/default.py: 0
[2015-11-21 16:41:11] EDIT CNER/controllers/default.py: -39
[2015-11-21 16:41:51] EDIT CNER/views/default/process.html: -1
[2015-11-21 16:42:32] EDIT CNER/controllers/default.py: 0
[2015-11-21 16:42:55] EDIT CNER/views/default/process.html: 1
[2015-11-21 16:43:17] EDIT CNER/views/default/process.html: 0
[2015-11-21 16:43:54] EDIT CNER/controllers/default.py: 0
[2015-11-21 16:44:45] EDIT CNER/controllers/default.py: 0
[2015-11-21 16:45:11] EDIT CNER/controllers/default.py: 0
[2015-11-21 16:45:26] EDIT CNER/controllers/default.py: 0
[2015-11-21 16:45:33] EDIT CNER/views/default/process.html: 0
[2015-11-21 16:46:21] EDIT CNER/controllers/default.py: 6
[2015-11-21 16:51:23] EDIT CNER/controllers/default.py: 4
[2015-11-21 16:51:54] EDIT CNER/controllers/default.py: 0
[2015-11-21 16:52:01] EDIT CNER/views/default/process.html: 0
[2015-11-21 16:52:51] EDIT CNER/controllers/default.py: 0
[2015-11-21 16:54:00] EDIT CNER/controllers/default.py: 24
[2015-11-21 16:57:54] EDIT CNER/controllers/default.py: -24
[2015-11-21 16:58:19] EDIT CNER/views/default/index.html: -1
[2015-11-21 16:59:16] EDIT CNER/controllers/default.py: 6
[2015-11-21 16:59:42] EDIT CNER/controllers/default.py: 0
[2015-11-21 17:00:13] EDIT CNER/views/default/process.html: 2
[2015-11-21 17:00:29] EDIT CNER/views/default/process.html: -1
[2015-11-21 17:01:46] EDIT CNER/controllers/default.py: 18
[2015-11-21 17:02:59] EDIT CNER/controllers/default.py: 0
[2015-11-21 17:03:34] EDIT CNER/controllers/default.py: 0
[2015-11-21 17:03:47] EDIT CNER/views/default/process.html: -5
[2015-11-21 17:03:49] EDIT CNER/views/default/process.html: 0
[2015-11-21 17:06:04] EDIT CNER/views/default/process.html: 1
[2015-11-21 17:07:29] EDIT CNER/views/default/process.html: -3
[2015-11-21 17:07:58] EDIT CNER/views/default/process.html: 2
[2015-11-21 17:12:08] EDIT CNER/views/default/process.html: 0
[2015-11-21 17:12:26] EDIT CNER/views/default/process.html: 0
[2015-11-21 17:13:43] EDIT CNER/views/default/process.html: 0
[2015-11-21 17:13:45] EDIT CNER/views/default/process.html: 0
[2015-11-21 17:15:00] EDIT CNER/controllers/default.py: 2
[2015-11-21 17:15:09] EDIT CNER/controllers/default.py: 0
[2015-11-21 17:17:36] EDIT CNER/controllers/default.py: -2
[2015-11-21 17:18:30] EDIT CNER/views/default/process.html: 0
[2015-11-21 17:18:32] EDIT CNER/views/default/process.html: 0
[2015-11-21 17:18:59] EDIT CNER/views/default/process.html: 0
[2015-11-21 17:19:25] EDIT CNER/controllers/default.py: 0
[2015-11-21 17:27:28] EDIT CNER/views/default/process.html: 0
[2015-11-21 17:28:03] EDIT CNER/views/default/process.html: 0
[2015-11-21 17:29:24] EDIT CNER/views/default/process.html: 1
[2015-11-21 17:30:01] EDIT CNER/views/default/process.html: -1
[2015-11-21 17:30:19] EDIT CNER/views/default/process.html: 0
[2015-11-21 17:30:42] EDIT CNER/views/default/process.html: 0
[2015-11-21 17:30:58] EDIT CNER/views/default/process.html: 0
[2015-11-21 17:33:40] EDIT CNER/views/default/process.html: 0
[2015-11-21 17:33:56] EDIT CNER/views/default/process.html: 0
[2015-11-21 17:34:24] EDIT CNER/views/default/process.html: 1
[2015-11-21 17:37:28] EDIT CNER/controllers/default.py: 0
[2015-11-21 17:45:44] EDIT CNER/views/default/index.html: 0
[2015-11-21 17:49:19] EDIT CNER/views/default/index.html: 1
[2015-11-21 17:50:12] EDIT CNER/views/default/index.html: 0
[2015-11-21 17:50:39] EDIT CNER/views/default/index.html: 1
[2015-11-21 17:51:56] EDIT CNER/views/default/index.html: 1
[2015-11-21 17:54:13] EDIT CNER/views/default/index.html: 0
[2015-11-21 17:54:36] EDIT CNER/views/default/index.html: 1
[2015-11-21 17:57:48] EDIT CNER/views/default/index.html: 2
[2015-11-21 17:58:55] EDIT CNER/views/default/process.html: 6
[2015-11-21 17:59:18] EDIT CNER/views/default/process.html: 1
[2015-11-21 17:59:42] EDIT CNER/views/default/process.html: 0
[2015-11-21 17:59:56] EDIT CNER/views/default/index.html: 0
[2015-11-21 18:00:34] EDIT CNER/views/default/index.html: 0
[2015-11-21 18:00:47] EDIT CNER/views/default/process.html: 0
[2015-11-21 18:00:58] EDIT CNER/views/default/process.html: 0
[2015-11-21 18:03:45] EDIT CNER/controllers/default.py: 0
[2015-11-21 18:03:54] EDIT CNER/controllers/default.py: 0
[2015-11-21 18:04:25] EDIT CNER/controllers/default.py: -8
[2015-11-21 18:04:43] EDIT CNER/controllers/default.py: -7
[2015-11-21 18:05:01] EDIT CNER/controllers/default.py: -17
[2015-11-21 18:05:38] EDIT CNER/controllers/default.py: 0
[2015-11-21 18:06:16] EDIT CNER/views/default/user.html: -30
[2015-11-21 18:08:30] EDIT CNER/views/default/process.html: -1
[2015-11-21 18:08:41] EDIT CNER/views/default/index.html: -1
[2015-11-21 18:09:20] EDIT CNER/views/default/index.html: 0
[2015-11-21 18:09:37] EDIT CNER/views/default/index.html: 1
